<?xml version="1.0" encoding="UTF-8"?>
<coverage generated="1629233507830" clover="3.2.0">
  <project timestamp="1629233507830" name="All files">
    <metrics statements="6" coveredstatements="6" conditionals="1" coveredconditionals="0" methods="2" coveredmethods="2" elements="9" coveredelements="8" complexity="0" loc="6" ncloc="6" packages="1" files="2" classes="2"/>
    <file name="index.ts" path="/Users/soichiroota/js/hellolib/src/index.ts">
      <metrics statements="4" coveredstatements="4" conditionals="0" coveredconditionals="0" methods="1" coveredmethods="1"/>
      <line num="1" count="1" type="stmt"/>
      <line num="3" count="1" type="stmt"/>
      <line num="7" count="1" type="stmt"/>
      <line num="8" count="1" type="stmt"/>
    </file>
    <file name="trim.ts" path="/Users/soichiroota/js/hellolib/src/trim.ts">
      <metrics statements="2" coveredstatements="2" conditionals="1" coveredconditionals="0" methods="1" coveredmethods="1"/>
      <line num="1" count="2" type="cond" truecount="0" falsecount="1"/>
      <line num="2" count="4" type="stmt"/>
    </file>
  </project>
</coverage>
